\BOOKMARK [1][-]{section.1}{\376\377\000P\000o\000p\000i\000s\000\040\000h\000r\000y}{}% 1
\BOOKMARK [1][-]{section.2}{\376\377\000P\000r\000o\000t\000o\000k\000o\000l}{}% 2
\BOOKMARK [2][-]{subsection.2.1}{\376\377\000S\000p\000e\000c\000i\000f\000i\000k\000a\000c\000e}{section.2}% 3
\BOOKMARK [1][-]{section.3}{\376\377\000I\000m\000p\000l\000e\000m\000e\000n\000t\000a\000c\000e}{}% 4
\BOOKMARK [2][-]{subsection.3.1}{\376\377\000P\000o\000p\000i\000s\000\040\000h\000r\000y}{section.3}% 5
\BOOKMARK [2][-]{subsection.3.2}{\376\377\000D\000e\000f\000i\000n\000i\000c\000e\000\040\000p\000o\000u\001\176\000i\000t\000\375\000c\000h\000\040\000z\000p\000r\000\341\000v}{section.3}% 6
\BOOKMARK [3][-]{subsubsection.3.2.1}{\376\377\000Z\000p\000r\000\341\000v\000y\000\040\000z\000a\000s\000\355\000l\000a\000n\000\351\000\040\000k\000l\000i\000e\000n\000t\000e\000m}{subsection.3.2}% 7
\BOOKMARK [3][-]{subsubsection.3.2.2}{\376\377\000Z\000p\000r\000\341\000v\000y\000\040\000z\000a\000s\000\355\000l\000a\000n\000\351\000\040\000s\000e\000r\000v\000e\000r\000e\000m}{subsection.3.2}% 8
\BOOKMARK [3][-]{subsubsection.3.2.3}{\376\377\000D\000i\000a\000g\000r\000a\000m\000\040\000p\001\131\000e\000c\000h\000o\000d\001\157\000\040\000m\000e\000z\000i\000\040\000k\000o\000n\000t\000e\000x\000t\000y}{subsection.3.2}% 9
\BOOKMARK [2][-]{subsection.3.3}{\376\377\000S\000e\000r\000v\000e\000r}{section.3}% 10
\BOOKMARK [3][-]{subsubsection.3.3.1}{\376\377\000S\000\355\001\145}{subsection.3.3}% 11
\BOOKMARK [3][-]{subsubsection.3.3.2}{\376\377\000R\000e\000a\000k\000c\000e\000\040\000n\000a\000\040\000z\000p\000r\000\341\000v\000y}{subsection.3.3}% 12
\BOOKMARK [3][-]{subsubsection.3.3.3}{\376\377\000I\000m\000p\000l\000e\000m\000e\000n\000t\000a\000c\000e\000\040\000h\000r\000y}{subsection.3.3}% 13
\BOOKMARK [3][-]{subsubsection.3.3.4}{\376\377\000H\000e\000r\000n\000\355\000\040\000o\000b\000j\000e\000k\000t\000y}{subsection.3.3}% 14
\BOOKMARK [3][-]{subsubsection.3.3.5}{\376\377\000P\000o\000u\001\176\000i\000t\000\351\000\040\000k\000n\000i\000n\000h\000o\000v\000n\000y}{subsection.3.3}% 15
\BOOKMARK [2][-]{subsection.3.4}{\376\377\000K\000l\000i\000e\000n\000t}{section.3}% 16
\BOOKMARK [3][-]{subsubsection.3.4.1}{\376\377\000S\000\355\001\145}{subsection.3.4}% 17
\BOOKMARK [3][-]{subsubsection.3.4.2}{\376\377\000H\000e\000r\000n\000\355\000\040\000m\000e\000n\000u}{subsection.3.4}% 18
\BOOKMARK [3][-]{subsubsection.3.4.3}{\376\377\000H\000r\000a}{subsection.3.4}% 19
\BOOKMARK [2][-]{subsection.3.5}{\376\377\000S\000e\000s\000t\000a\000v\000e\000n\000\355\000\040\000a\000\040\000s\000p\000u\001\141\000t\001\033\000n\000\355\000\040\000a\000p\000l\000i\000k\000a\000c\000e}{section.3}% 20
\BOOKMARK [1][-]{section.4}{\376\377\000Z\000\341\000v\001\033\000r\000\040\000a\000\040\000z\000h\000o\000d\000n\000o\000c\000e\000n\000\355\000\040\000p\000r\000\341\000c\000e}{}% 21
